___vscode_livepreview_injected_script:36 WebSocket connection to 'ws://127.0.0.1:3001/4a3556855774bf593f470b1a0389222be02bb018' failed: 
onLoad @ ___vscode_livepreview_injected_script:36
budaya.html:377 Error loading config: TypeError: Cannot read properties of undefined (reading 'map')
    at BudayaPage.renderHighlights (budaya.html:472:50)
    at BudayaPage.loadConfig (budaya.html:368:30)
    at async BudayaPage.init (budaya.html:354:17)
loadConfig @ budaya.html:377
manifest.json:1  Failed to load resource: the server responded with a status of 404 (Not Found)
budaya.html:1 Manifest fetch from http://localhost:3000/manifest.json failed, code 404
manifest.json:1  Failed to load resource: the server responded with a status of 404 (Not Found)

___vscode_livepreview_injected_script:36 WebSocket connection to 'ws://127.0.0.1:3001/4a3556855774bf593f470b1a0389222be02bb018' failed: 
onLoad @ ___vscode_livepreview_injected_script:36
budaya.html:377 Error loading config: TypeError: Cannot read properties of undefined (reading 'map')
    at BudayaPage.renderHighlights (budaya.html:472:50)
    at BudayaPage.loadConfig (budaya.html:368:30)
    at async BudayaPage.init (budaya.html:354:17)
loadConfig @ budaya.html:377
manifest.json:1  Failed to load resource: the server responded with a status of 404 (Not Found)
budaya.html:1 Manifest fetch from http://localhost:3000/manifest.json failed, code 404
manifest.json:1  Failed to load resource: the server responded with a status of 404 (Not Found)

___vscode_livepreview_injected_script:36 WebSocket connection to 'ws://127.0.0.1:3001/4a3556855774bf593f470b1a0389222be02bb018' failed: 
onLoad @ ___vscode_livepreview_injected_script:36
budaya.html:377 Error loading config: TypeError: Cannot read properties of undefined (reading 'map')
    at BudayaPage.renderHighlights (budaya.html:472:50)
    at BudayaPage.loadConfig (budaya.html:368:30)
    at async BudayaPage.init (budaya.html:354:17)
loadConfig @ budaya.html:377
manifest.json:1  Failed to load resource: the server responded with a status of 404 (Not Found)
budaya.html:1 Manifest fetch from http://localhost:3000/manifest.json failed, code 404
manifest.json:1  Failed to load resource: the server responded with a status of 404 (Not Found)

___vscode_livepreview_injected_script:36 WebSocket connection to 'ws://127.0.0.1:3001/4a3556855774bf593f470b1a0389222be02bb018' failed: 
onLoad @ ___vscode_livepreview_injected_script:36
budaya.html:377 Error loading config: TypeError: Cannot read properties of undefined (reading 'map')
    at BudayaPage.renderHighlights (budaya.html:472:50)
    at BudayaPage.loadConfig (budaya.html:368:30)
    at async BudayaPage.init (budaya.html:354:17)
loadConfig @ budaya.html:377
manifest.json:1  Failed to load resource: the server responded with a status of 404 (Not Found)
budaya.html:1 Manifest fetch from http://localhost:3000/manifest.json failed, code 404
manifest.json:1  Failed to load resource: the server responded with a status of 404 (Not Found)


